<?xml version="1.0" encoding="UTF-8"?>
<testng-results ignored="0" total="1" passed="1" failed="0" skipped="0">
  <reporter-output>
  </reporter-output>
  <suite started-at="2023-05-21T17:56:07 IST" name="Default suite" finished-at="2023-05-21T17:56:55 IST" duration-ms="48275">
    <groups>
    </groups>
    <test started-at="2023-05-21T17:56:07 IST" name="Default test" finished-at="2023-05-21T17:56:55 IST" duration-ms="48275">
      <class name="com.calendar.CalendarExample">
        <test-method signature="jQueryCalendarMultipleMonths()[pri:0, instance:com.calendar.CalendarExample@2fb3536e]" started-at="2023-05-21T17:56:07 IST" name="jQueryCalendarMultipleMonths" finished-at="2023-05-21T17:56:55 IST" duration-ms="48231" status="PASS">
          <reporter-output>
          </reporter-output>
        </test-method> <!-- jQueryCalendarMultipleMonths -->
      </class> <!-- com.calendar.CalendarExample -->
    </test> <!-- Default test -->
  </suite> <!-- Default suite -->
</testng-results>
